<?xml version="1.0" encoding="UTF-8"?>
<!-- Generated by org.testng.reporters.JUnitXMLReporter -->
<testsuite ignored="0" hostname="DESKTOP-ILOVP9M" failures="0" tests="3" name="Default test" time="43.893" errors="0" timestamp="2024-02-20T10:58:52 IST">
  <testcase classname="com_entrata_testscript.EntrataAutomation" name="TC_01" time="8.649"/>
  <testcase classname="com_entrata_testscript.EntrataAutomation" name="TC_02" time="11.632"/>
  <testcase classname="com_entrata_testscript.EntrataAutomation" name="TC_03" time="3.228"/>
</testsuite> <!-- Default test -->
