<?xml version="1.0" encoding="UTF-8"?>
<testng-results ignored="0" total="3" passed="3" failed="0" skipped="0">
  <reporter-output>
    <line>
      <![CDATA[opening the browser]]>
    </line>
    <line>
      <![CDATA[closing the browser]]>
    </line>
  </reporter-output>
  <suite started-at="2024-02-20T10:58:08 IST" name="Default suite" finished-at="2024-02-20T10:58:52 IST" duration-ms="43893">
    <groups>
    </groups>
    <test started-at="2024-02-20T10:58:08 IST" name="Default test" finished-at="2024-02-20T10:58:52 IST" duration-ms="43893">
      <class name="com_entrata_testscript.EntrataAutomation">
        <test-method is-config="true" signature="openbrowser()[pri:0, instance:com_entrata_testscript.EntrataAutomation@1b66c0fb]" started-at="2024-02-20T10:58:08 IST" name="openbrowser" finished-at="2024-02-20T10:58:11 IST" duration-ms="3047" status="PASS">
          <reporter-output>
            <line>
              <![CDATA[opening the browser]]>
            </line>
          </reporter-output>
        </test-method> <!-- openbrowser -->
        <test-method is-config="true" signature="triggerUrl()[pri:0, instance:com_entrata_testscript.EntrataAutomation@1b66c0fb]" started-at="2024-02-20T10:58:12 IST" name="triggerUrl" finished-at="2024-02-20T10:58:20 IST" duration-ms="8638" status="PASS">
          <reporter-output>
          </reporter-output>
        </test-method> <!-- triggerUrl -->
        <test-method signature="TC_01()[pri:0, instance:com_entrata_testscript.EntrataAutomation@1b66c0fb]" started-at="2024-02-20T10:58:20 IST" name="TC_01" finished-at="2024-02-20T10:58:29 IST" duration-ms="8649" status="PASS">
          <reporter-output>
          </reporter-output>
        </test-method> <!-- TC_01 -->
        <test-method is-config="true" signature="triggerUrl()[pri:0, instance:com_entrata_testscript.EntrataAutomation@1b66c0fb]" started-at="2024-02-20T10:58:29 IST" name="triggerUrl" finished-at="2024-02-20T10:58:34 IST" duration-ms="5483" status="PASS">
          <reporter-output>
          </reporter-output>
        </test-method> <!-- triggerUrl -->
        <test-method signature="TC_02()[pri:0, instance:com_entrata_testscript.EntrataAutomation@1b66c0fb]" started-at="2024-02-20T10:58:34 IST" name="TC_02" finished-at="2024-02-20T10:58:46 IST" duration-ms="11632" status="PASS">
          <reporter-output>
          </reporter-output>
        </test-method> <!-- TC_02 -->
        <test-method is-config="true" signature="triggerUrl()[pri:0, instance:com_entrata_testscript.EntrataAutomation@1b66c0fb]" started-at="2024-02-20T10:58:46 IST" name="triggerUrl" finished-at="2024-02-20T10:58:49 IST" duration-ms="2894" status="PASS">
          <reporter-output>
          </reporter-output>
        </test-method> <!-- triggerUrl -->
        <test-method signature="TC_03()[pri:0, instance:com_entrata_testscript.EntrataAutomation@1b66c0fb]" started-at="2024-02-20T10:58:49 IST" name="TC_03" finished-at="2024-02-20T10:58:52 IST" duration-ms="3228" status="PASS">
          <reporter-output>
          </reporter-output>
        </test-method> <!-- TC_03 -->
        <test-method is-config="true" signature="closebrowser()[pri:0, instance:com_entrata_testscript.EntrataAutomation@1b66c0fb]" started-at="2024-02-20T10:58:52 IST" name="closebrowser" finished-at="2024-02-20T10:58:52 IST" duration-ms="235" status="PASS">
          <reporter-output>
            <line>
              <![CDATA[closing the browser]]>
            </line>
          </reporter-output>
        </test-method> <!-- closebrowser -->
      </class> <!-- com_entrata_testscript.EntrataAutomation -->
    </test> <!-- Default test -->
  </suite> <!-- Default suite -->
</testng-results>
